# JRE version: Java(TM) SE Runtime Environment (17.0.6+9) (build 17.0.6+9-LTS-190)
# Java VM: Java HotSpot(TM) 64-Bit Server VM (17.0.6+9-LTS-190, mixed mode, emulated-client, sharing, tiered, compressed oops, compressed class ptrs, g1 gc, linux-amd64)
GC Precious Log:
 CPUs: 12 total, 12 available
 Memory: 36020M
 Large Page Support: Disabled
 NUMA Support: Disabled
 Compressed Oops: Enabled (Zero based)
 Heap Region Size: 8M
 Heap Min Capacity: 8M
 Heap Initial Capacity: 568M
 Heap Max Capacity: 9008M
 Pre-touch: Disabled
 Parallel Workers: 10
 Concurrent Workers: 3
 Concurrent Refinement Workers: 10
 Periodic GC: Disabled
Heap:
 garbage-first heap   total 221184K, used 141253K [0x00000005cd000000, 0x0000000800000000)
  region size 8192K, 10 young (81920K), 1 survivors (8192K)
 Metaspace       used 97145K, committed 97728K, reserved 1138688K
  class space    used 13353K, committed 13632K, reserved 1048576K
GC Heap History (20 events):
Event: 657.263 GC heap before
{Heap before GC invocations=25 (full 0):
 garbage-first heap   total 180224K, used 79697K [0x00000005cd000000, 0x0000000800000000)
  region size 8192K, 2 young (16384K), 1 survivors (8192K)
 Metaspace       used 96459K, committed 97536K, reserved 1138688K
  class space    used 13214K, committed 13632K, reserved 1048576K
}
Event: 657.347 GC heap after
{Heap after GC invocations=26 (full 0):
 garbage-first heap   total 180224K, used 72822K [0x00000005cd000000, 0x0000000800000000)
  region size 8192K, 1 young (8192K), 1 survivors (8192K)
 Metaspace       used 96459K, committed 97536K, reserved 1138688K
  class space    used 13214K, committed 13632K, reserved 1048576K
}
Event: 735.969 GC heap before
{Heap before GC invocations=27 (full 0):
 garbage-first heap   total 180224K, used 81014K [0x00000005cd000000, 0x0000000800000000)
  region size 8192K, 2 young (16384K), 1 survivors (8192K)
 Metaspace       used 96369K, committed 97536K, reserved 1138688K
  class space    used 13198K, committed 13632K, reserved 1048576K
}
Event: 735.973 GC heap after
{Heap after GC invocations=28 (full 0):
 garbage-first heap   total 180224K, used 72900K [0x00000005cd000000, 0x0000000800000000)
  region size 8192K, 1 young (8192K), 1 survivors (8192K)
 Metaspace       used 96369K, committed 97536K, reserved 1138688K
  class space    used 13198K, committed 13632K, reserved 1048576K
}
Event: 810.767 GC heap before
{Heap before GC invocations=28 (full 0):
 garbage-first heap   total 180224K, used 81092K [0x00000005cd000000, 0x0000000800000000)
  region size 8192K, 2 young (16384K), 1 survivors (8192K)
 Metaspace       used 96369K, committed 97536K, reserved 1138688K
  class space    used 13198K, committed 13632K, reserved 1048576K
}
Event: 810.783 GC heap after
{Heap after GC invocations=29 (full 0):
 garbage-first heap   total 180224K, used 71007K [0x00000005cd000000, 0x0000000800000000)
  region size 8192K, 1 young (8192K), 1 survivors (8192K)
 Metaspace       used 96369K, committed 97536K, reserved 1138688K
  class space    used 13198K, committed 13632K, reserved 1048576K
}
Event: 835.821 GC heap before
{Heap before GC invocations=29 (full 0):
 garbage-first heap   total 180224K, used 79199K [0x00000005cd000000, 0x0000000800000000)
  region size 8192K, 2 young (16384K), 1 survivors (8192K)
 Metaspace       used 96369K, committed 97536K, reserved 1138688K
  class space    used 13198K, committed 13632K, reserved 1048576K
}
Event: 835.938 GC heap after
{Heap after GC invocations=30 (full 0):
 garbage-first heap   total 180224K, used 70877K [0x00000005cd000000, 0x0000000800000000)
  region size 8192K, 1 young (8192K), 1 survivors (8192K)
 Metaspace       used 96369K, committed 97536K, reserved 1138688K
  class space    used 13198K, committed 13632K, reserved 1048576K
}
Event: 900.805 GC heap before
{Heap before GC invocations=31 (full 0):
 garbage-first heap   total 180224K, used 79069K [0x00000005cd000000, 0x0000000800000000)
  region size 8192K, 2 young (16384K), 1 survivors (8192K)
 Metaspace       used 96369K, committed 97536K, reserved 1138688K
  class space    used 13198K, committed 13632K, reserved 1048576K
}
Event: 901.025 GC heap after
{Heap after GC invocations=32 (full 0):
 garbage-first heap   total 221184K, used 71051K [0x00000005cd000000, 0x0000000800000000)
  region size 8192K, 1 young (8192K), 1 survivors (8192K)
 Metaspace       used 96369K, committed 97536K, reserved 1138688K
  class space    used 13198K, committed 13632K, reserved 1048576K
}
Event: 920.738 GC heap before
{Heap before GC invocations=32 (full 0):
 garbage-first heap   total 221184K, used 79243K [0x00000005cd000000, 0x0000000800000000)
  region size 8192K, 2 young (16384K), 1 survivors (8192K)
 Metaspace       used 96540K, committed 97600K, reserved 1138688K
  class space    used 13232K, committed 13632K, reserved 1048576K
}
Event: 920.743 GC heap after
{Heap after GC invocations=33 (full 0):
 garbage-first heap   total 221184K, used 71459K [0x00000005cd000000, 0x0000000800000000)
  region size 8192K, 1 young (8192K), 1 survivors (8192K)
 Metaspace       used 96540K, committed 97600K, reserved 1138688K
  class space    used 13232K, committed 13632K, reserved 1048576K
}
Event: 955.182 GC heap before
{Heap before GC invocations=34 (full 0):
 garbage-first heap   total 221184K, used 79651K [0x00000005cd000000, 0x0000000800000000)
  region size 8192K, 2 young (16384K), 1 survivors (8192K)
 Metaspace       used 96556K, committed 97600K, reserved 1138688K
  class space    used 13234K, committed 13632K, reserved 1048576K
}
Event: 955.196 GC heap after
{Heap after GC invocations=35 (full 0):
 garbage-first heap   total 221184K, used 71570K [0x00000005cd000000, 0x0000000800000000)
  region size 8192K, 1 young (8192K), 1 survivors (8192K)
 Metaspace       used 96556K, committed 97600K, reserved 1138688K
  class space    used 13234K, committed 13632K, reserved 1048576K
}
Event: 1318.587 GC heap before
{Heap before GC invocations=35 (full 0):
 garbage-first heap   total 221184K, used 112530K [0x00000005cd000000, 0x0000000800000000)
  region size 8192K, 6 young (49152K), 1 survivors (8192K)
 Metaspace       used 96571K, committed 97600K, reserved 1138688K
  class space    used 13239K, committed 13632K, reserved 1048576K
}
Event: 1318.591 GC heap after
{Heap after GC invocations=36 (full 0):
 garbage-first heap   total 221184K, used 73502K [0x00000005cd000000, 0x0000000800000000)
  region size 8192K, 1 young (8192K), 1 survivors (8192K)
 Metaspace       used 96571K, committed 97600K, reserved 1138688K
  class space    used 13239K, committed 13632K, reserved 1048576K
}
Event: 1589.698 GC heap before
{Heap before GC invocations=37 (full 0):
 garbage-first heap   total 221184K, used 122654K [0x00000005cd000000, 0x0000000800000000)
  region size 8192K, 8 young (65536K), 1 survivors (8192K)
 Metaspace       used 96778K, committed 97600K, reserved 1138688K
  class space    used 13281K, committed 13632K, reserved 1048576K
}
Event: 1589.737 GC heap after
{Heap after GC invocations=38 (full 0):
 garbage-first heap   total 221184K, used 73375K [0x00000005cd000000, 0x0000000800000000)
  region size 8192K, 1 young (8192K), 1 survivors (8192K)
 Metaspace       used 96778K, committed 97600K, reserved 1138688K
  class space    used 13281K, committed 13632K, reserved 1048576K
}
Event: 2406.078 GC heap before
{Heap before GC invocations=38 (full 0):
 garbage-first heap   total 221184K, used 163487K [0x00000005cd000000, 0x0000000800000000)
  region size 8192K, 12 young (98304K), 1 survivors (8192K)
 Metaspace       used 96907K, committed 97600K, reserved 1138688K
  class space    used 13298K, committed 13632K, reserved 1048576K
}
Event: 2406.110 GC heap after
{Heap after GC invocations=39 (full 0):
 garbage-first heap   total 221184K, used 75717K [0x00000005cd000000, 0x0000000800000000)
  region size 8192K, 1 young (8192K), 1 survivors (8192K)
 Metaspace       used 96907K, committed 97600K, reserved 1138688K
  class space    used 13298K, committed 13632K, reserved 1048576K
}

