# JRE version: Java(TM) SE Runtime Environment (17.0.6+9) (build 17.0.6+9-LTS-190)
# Java VM: Java HotSpot(TM) 64-Bit Server VM (17.0.6+9-LTS-190, mixed mode, emulated-client, sharing, tiered, compressed oops, compressed class ptrs, g1 gc, linux-amd64)
GC Precious Log:
 CPUs: 12 total, 12 available
 Memory: 36020M
 Large Page Support: Disabled
 NUMA Support: Disabled
 Compressed Oops: Enabled (Zero based)
 Heap Region Size: 8M
 Heap Min Capacity: 8M
 Heap Initial Capacity: 568M
 Heap Max Capacity: 9008M
 Pre-touch: Disabled
 Parallel Workers: 10
 Concurrent Workers: 3
 Concurrent Refinement Workers: 10
 Periodic GC: Disabled
Heap:
 garbage-first heap   total 245760K, used 130476K [0x00000005cd000000, 0x0000000800000000)
  region size 8192K, 4 young (32768K), 1 survivors (8192K)
 Metaspace       used 101462K, committed 102528K, reserved 1138688K
  class space    used 14038K, committed 14464K, reserved 1048576K
GC Heap History (20 events):
Event: 1670.353 GC heap before
{Heap before GC invocations=20 (full 0):
 garbage-first heap   total 245760K, used 175434K [0x00000005cd000000, 0x0000000800000000)
  region size 8192K, 14 young (114688K), 1 survivors (8192K)
 Metaspace       used 98644K, committed 99392K, reserved 1138688K
  class space    used 13607K, committed 13952K, reserved 1048576K
}
Event: 1670.369 GC heap after
{Heap after GC invocations=21 (full 0):
 garbage-first heap   total 245760K, used 78773K [0x00000005cd000000, 0x0000000800000000)
  region size 8192K, 1 young (8192K), 1 survivors (8192K)
 Metaspace       used 98644K, committed 99392K, reserved 1138688K
  class space    used 13607K, committed 13952K, reserved 1048576K
}
Event: 2998.929 GC heap before
{Heap before GC invocations=21 (full 0):
 garbage-first heap   total 245760K, used 193461K [0x00000005cd000000, 0x0000000800000000)
  region size 8192K, 14 young (114688K), 1 survivors (8192K)
 Metaspace       used 101181K, committed 102016K, reserved 1138688K
  class space    used 13970K, committed 14400K, reserved 1048576K
}
Event: 2998.932 GC heap after
{Heap after GC invocations=22 (full 0):
 garbage-first heap   total 245760K, used 88362K [0x00000005cd000000, 0x0000000800000000)
  region size 8192K, 1 young (8192K), 1 survivors (8192K)
 Metaspace       used 101181K, committed 102016K, reserved 1138688K
  class space    used 13970K, committed 14400K, reserved 1048576K
}
Event: 4616.065 GC heap before
{Heap before GC invocations=22 (full 0):
 garbage-first heap   total 245760K, used 194858K [0x00000005cd000000, 0x0000000800000000)
  region size 8192K, 14 young (114688K), 1 survivors (8192K)
 Metaspace       used 101195K, committed 102080K, reserved 1138688K
  class space    used 13972K, committed 14400K, reserved 1048576K
}
Event: 4616.068 GC heap after
{Heap after GC invocations=23 (full 0):
 garbage-first heap   total 245760K, used 89016K [0x00000005cd000000, 0x0000000800000000)
  region size 8192K, 1 young (8192K), 1 survivors (8192K)
 Metaspace       used 101195K, committed 102080K, reserved 1138688K
  class space    used 13972K, committed 14400K, reserved 1048576K
}
Event: 6245.605 GC heap before
{Heap before GC invocations=23 (full 0):
 garbage-first heap   total 245760K, used 195512K [0x00000005cd000000, 0x0000000800000000)
  region size 8192K, 14 young (114688K), 1 survivors (8192K)
 Metaspace       used 101195K, committed 102080K, reserved 1138688K
  class space    used 13972K, committed 14400K, reserved 1048576K
}
Event: 6245.609 GC heap after
{Heap after GC invocations=24 (full 0):
 garbage-first heap   total 245760K, used 88997K [0x00000005cd000000, 0x0000000800000000)
  region size 8192K, 1 young (8192K), 1 survivors (8192K)
 Metaspace       used 101195K, committed 102080K, reserved 1138688K
  class space    used 13972K, committed 14400K, reserved 1048576K
}
Event: 7869.696 GC heap before
{Heap before GC invocations=24 (full 0):
 garbage-first heap   total 245760K, used 195493K [0x00000005cd000000, 0x0000000800000000)
  region size 8192K, 14 young (114688K), 1 survivors (8192K)
 Metaspace       used 101196K, committed 102080K, reserved 1138688K
  class space    used 13973K, committed 14400K, reserved 1048576K
}
Event: 7869.700 GC heap after
{Heap after GC invocations=25 (full 0):
 garbage-first heap   total 245760K, used 88800K [0x00000005cd000000, 0x0000000800000000)
  region size 8192K, 1 young (8192K), 1 survivors (8192K)
 Metaspace       used 101196K, committed 102080K, reserved 1138688K
  class space    used 13973K, committed 14400K, reserved 1048576K
}
Event: 9505.857 GC heap before
{Heap before GC invocations=25 (full 0):
 garbage-first heap   total 245760K, used 195296K [0x00000005cd000000, 0x0000000800000000)
  region size 8192K, 14 young (114688K), 1 survivors (8192K)
 Metaspace       used 101196K, committed 102080K, reserved 1138688K
  class space    used 13973K, committed 14400K, reserved 1048576K
}
Event: 9505.861 GC heap after
{Heap after GC invocations=26 (full 0):
 garbage-first heap   total 245760K, used 89005K [0x00000005cd000000, 0x0000000800000000)
  region size 8192K, 1 young (8192K), 1 survivors (8192K)
 Metaspace       used 101196K, committed 102080K, reserved 1138688K
  class space    used 13973K, committed 14400K, reserved 1048576K
}
Event: 11145.504 GC heap before
{Heap before GC invocations=26 (full 0):
 garbage-first heap   total 245760K, used 195501K [0x00000005cd000000, 0x0000000800000000)
  region size 8192K, 14 young (114688K), 1 survivors (8192K)
 Metaspace       used 101199K, committed 102080K, reserved 1138688K
  class space    used 13974K, committed 14400K, reserved 1048576K
}
Event: 11145.508 GC heap after
{Heap after GC invocations=27 (full 0):
 garbage-first heap   total 245760K, used 88774K [0x00000005cd000000, 0x0000000800000000)
  region size 8192K, 1 young (8192K), 1 survivors (8192K)
 Metaspace       used 101199K, committed 102080K, reserved 1138688K
  class space    used 13974K, committed 14400K, reserved 1048576K
}
Event: 12746.787 GC heap before
{Heap before GC invocations=27 (full 0):
 garbage-first heap   total 245760K, used 195270K [0x00000005cd000000, 0x0000000800000000)
  region size 8192K, 14 young (114688K), 1 survivors (8192K)
 Metaspace       used 101199K, committed 102080K, reserved 1138688K
  class space    used 13974K, committed 14400K, reserved 1048576K
}
Event: 12746.790 GC heap after
{Heap after GC invocations=28 (full 0):
 garbage-first heap   total 245760K, used 89104K [0x00000005cd000000, 0x0000000800000000)
  region size 8192K, 1 young (8192K), 1 survivors (8192K)
 Metaspace       used 101199K, committed 102080K, reserved 1138688K
  class space    used 13974K, committed 14400K, reserved 1048576K
}
Event: 13223.979 GC heap before
{Heap before GC invocations=28 (full 0):
 garbage-first heap   total 245760K, used 195600K [0x00000005cd000000, 0x0000000800000000)
  region size 8192K, 14 young (114688K), 1 survivors (8192K)
 Metaspace       used 101572K, committed 102464K, reserved 1138688K
  class space    used 14040K, committed 14464K, reserved 1048576K
}
Event: 13223.986 GC heap after
{Heap after GC invocations=29 (full 0):
 garbage-first heap   total 245760K, used 98784K [0x00000005cd000000, 0x0000000800000000)
  region size 8192K, 2 young (16384K), 2 survivors (16384K)
 Metaspace       used 101572K, committed 102464K, reserved 1138688K
  class space    used 14040K, committed 14464K, reserved 1048576K
}
Event: 14225.497 GC heap before
{Heap before GC invocations=29 (full 0):
 garbage-first heap   total 245760K, used 188896K [0x00000005cd000000, 0x0000000800000000)
  region size 8192K, 13 young (106496K), 2 survivors (16384K)
 Metaspace       used 101633K, committed 102528K, reserved 1138688K
  class space    used 14054K, committed 14464K, reserved 1048576K
}
Event: 14225.594 GC heap after
{Heap after GC invocations=30 (full 0):
 garbage-first heap   total 245760K, used 105900K [0x00000005cd000000, 0x0000000800000000)
  region size 8192K, 1 young (8192K), 1 survivors (8192K)
 Metaspace       used 101633K, committed 102528K, reserved 1138688K
  class space    used 14054K, committed 14464K, reserved 1048576K
}

